# JRE version: Java(TM) SE Runtime Environment (9.0+11) (build 9.0.4+11)
# Java VM: Java HotSpot(TM) 64-Bit Server VM (9.0.4+11, mixed mode, tiered, compressed oops, g1 gc, windows-amd64)
Heap:
 garbage-first heap   total 404480K, used 184892K [0x0000000700000000, 0x0000000700100c58, 0x00000007c0000000)
  region size 1024K, 60 young (61440K), 1 survivors (1024K)
 Metaspace       used 88769K, capacity 90785K, committed 94844K, reserved 1132544K
  class space    used 11409K, capacity 11827K, committed 12668K, reserved 1048576K
GC Heap History (10 events):
Event: 35561.557 GC heap before
{Heap before GC invocations=2782 (full 494):
 garbage-first heap   total 404480K, used 186331K [0x0000000700000000, 0x0000000700100c58, 0x00000007c0000000)
  region size 1024K, 60 young (61440K), 0 survivors (0K)
 Metaspace       used 88769K, capacity 90785K, committed 94844K, reserved 1132544K
  class space    used 11409K, capacity 11827K, committed 12668K, reserved 1048576K
}
Event: 35561.559 GC heap after
{Heap after GC invocations=2783 (full 494):
 garbage-first heap   total 404480K, used 125248K [0x0000000700000000, 0x0000000700100c58, 0x00000007c0000000)
  region size 1024K, 1 young (1024K), 1 survivors (1024K)
 Metaspace       used 88769K, capacity 90785K, committed 94844K, reserved 1132544K
  class space    used 11409K, capacity 11827K, committed 12668K, reserved 1048576K
}
Event: 35564.699 GC heap before
{Heap before GC invocations=2783 (full 494):
 garbage-first heap   total 404480K, used 185664K [0x0000000700000000, 0x0000000700100c58, 0x00000007c0000000)
  region size 1024K, 60 young (61440K), 1 survivors (1024K)
 Metaspace       used 88769K, capacity 90785K, committed 94844K, reserved 1132544K
  class space    used 11409K, capacity 11827K, committed 12668K, reserved 1048576K
}
Event: 35564.702 GC heap after
{Heap after GC invocations=2784 (full 494):
 garbage-first heap   total 404480K, used 125761K [0x0000000700000000, 0x0000000700100c58, 0x00000007c0000000)
  region size 1024K, 1 young (1024K), 1 survivors (1024K)
 Metaspace       used 88769K, capacity 90785K, committed 94844K, reserved 1132544K
  class space    used 11409K, capacity 11827K, committed 12668K, reserved 1048576K
}
Event: 35592.155 GC heap before
{Heap before GC invocations=2784 (full 494):
 garbage-first heap   total 404480K, used 186177K [0x0000000700000000, 0x0000000700100c58, 0x00000007c0000000)
  region size 1024K, 60 young (61440K), 1 survivors (1024K)
 Metaspace       used 88769K, capacity 90785K, committed 94844K, reserved 1132544K
  class space    used 11409K, capacity 11827K, committed 12668K, reserved 1048576K
}
Event: 35592.157 GC heap after
{Heap after GC invocations=2785 (full 494):
 garbage-first heap   total 404480K, used 125420K [0x0000000700000000, 0x0000000700100c58, 0x00000007c0000000)
  region size 1024K, 1 young (1024K), 1 survivors (1024K)
 Metaspace       used 88769K, capacity 90785K, committed 94844K, reserved 1132544K
  class space    used 11409K, capacity 11827K, committed 12668K, reserved 1048576K
}
Event: 35594.616 GC heap before
{Heap before GC invocations=2785 (full 494):
 garbage-first heap   total 404480K, used 185836K [0x0000000700000000, 0x0000000700100c58, 0x00000007c0000000)
  region size 1024K, 60 young (61440K), 1 survivors (1024K)
 Metaspace       used 88769K, capacity 90785K, committed 94844K, reserved 1132544K
  class space    used 11409K, capacity 11827K, committed 12668K, reserved 1048576K
}
Event: 35594.618 GC heap after
{Heap after GC invocations=2786 (full 494):
 garbage-first heap   total 404480K, used 125356K [0x0000000700000000, 0x0000000700100c58, 0x00000007c0000000)
  region size 1024K, 1 young (1024K), 1 survivors (1024K)
 Metaspace       used 88769K, capacity 90785K, committed 94844K, reserved 1132544K
  class space    used 11409K, capacity 11827K, committed 12668K, reserved 1048576K
}
Event: 35612.611 GC heap before
{Heap before GC invocations=2786 (full 494):
 garbage-first heap   total 404480K, used 185772K [0x0000000700000000, 0x0000000700100c58, 0x00000007c0000000)
  region size 1024K, 60 young (61440K), 1 survivors (1024K)
 Metaspace       used 88769K, capacity 90785K, committed 94844K, reserved 1132544K
  class space    used 11409K, capacity 11827K, committed 12668K, reserved 1048576K
}
Event: 35612.613 GC heap after
{Heap after GC invocations=2787 (full 494):
 garbage-first heap   total 404480K, used 125500K [0x0000000700000000, 0x0000000700100c58, 0x00000007c0000000)
  region size 1024K, 1 young (1024K), 1 survivors (1024K)
 Metaspace       used 88769K, capacity 90785K, committed 94844K, reserved 1132544K
  class space    used 11409K, capacity 11827K, committed 12668K, reserved 1048576K
}

