# JRE version: Java(TM) SE Runtime Environment (9.0+11) (build 9.0.4+11)
# Java VM: Java HotSpot(TM) 64-Bit Server VM (9.0.4+11, mixed mode, tiered, compressed oops, g1 gc, windows-amd64)
Heap:
 garbage-first heap   total 433152K, used 181070K [0x0000000700000000, 0x0000000700100d38, 0x00000007c0000000)
  region size 1024K, 40 young (40960K), 2 survivors (2048K)
 Metaspace       used 87973K, capacity 90257K, committed 96584K, reserved 1132544K
  class space    used 11376K, capacity 11853K, committed 13128K, reserved 1048576K
GC Heap History (10 events):
Event: 11769.800 GC heap before
{Heap before GC invocations=1368 (full 272):
 garbage-first heap   total 433152K, used 200723K [0x0000000700000000, 0x0000000700100d38, 0x00000007c0000000)
  region size 1024K, 60 young (61440K), 2 survivors (2048K)
 Metaspace       used 87956K, capacity 90257K, committed 96584K, reserved 1132544K
  class space    used 11376K, capacity 11853K, committed 13128K, reserved 1048576K
}
Event: 11769.804 GC heap after
{Heap after GC invocations=1369 (full 272):
 garbage-first heap   total 433152K, used 141781K [0x0000000700000000, 0x0000000700100d38, 0x00000007c0000000)
  region size 1024K, 3 young (3072K), 3 survivors (3072K)
 Metaspace       used 87956K, capacity 90257K, committed 96584K, reserved 1132544K
  class space    used 11376K, capacity 11853K, committed 13128K, reserved 1048576K
}
Event: 11778.214 GC heap before
{Heap before GC invocations=1369 (full 272):
 garbage-first heap   total 433152K, used 200149K [0x0000000700000000, 0x0000000700100d38, 0x00000007c0000000)
  region size 1024K, 60 young (61440K), 3 survivors (3072K)
 Metaspace       used 87957K, capacity 90257K, committed 96584K, reserved 1132544K
  class space    used 11376K, capacity 11853K, committed 13128K, reserved 1048576K
}
Event: 11778.217 GC heap after
{Heap after GC invocations=1370 (full 272):
 garbage-first heap   total 433152K, used 141762K [0x0000000700000000, 0x0000000700100d38, 0x00000007c0000000)
  region size 1024K, 3 young (3072K), 3 survivors (3072K)
 Metaspace       used 87957K, capacity 90257K, committed 96584K, reserved 1132544K
  class space    used 11376K, capacity 11853K, committed 13128K, reserved 1048576K
}
Event: 11795.968 GC heap before
{Heap before GC invocations=1370 (full 272):
 garbage-first heap   total 433152K, used 200130K [0x0000000700000000, 0x0000000700100d38, 0x00000007c0000000)
  region size 1024K, 60 young (61440K), 3 survivors (3072K)
 Metaspace       used 87971K, capacity 90257K, committed 96584K, reserved 1132544K
  class space    used 11376K, capacity 11853K, committed 13128K, reserved 1048576K
}
Event: 11795.971 GC heap after
{Heap after GC invocations=1371 (full 272):
 garbage-first heap   total 433152K, used 141793K [0x0000000700000000, 0x0000000700100d38, 0x00000007c0000000)
  region size 1024K, 3 young (3072K), 3 survivors (3072K)
 Metaspace       used 87971K, capacity 90257K, committed 96584K, reserved 1132544K
  class space    used 11376K, capacity 11853K, committed 13128K, reserved 1048576K
}
Event: 11851.969 GC heap before
{Heap before GC invocations=1371 (full 272):
 garbage-first heap   total 433152K, used 200161K [0x0000000700000000, 0x0000000700100d38, 0x00000007c0000000)
  region size 1024K, 60 young (61440K), 3 survivors (3072K)
 Metaspace       used 87971K, capacity 90257K, committed 96584K, reserved 1132544K
  class space    used 11376K, capacity 11853K, committed 13128K, reserved 1048576K
}
Event: 11851.974 GC heap after
{Heap after GC invocations=1372 (full 272):
 garbage-first heap   total 433152K, used 141918K [0x0000000700000000, 0x0000000700100d38, 0x00000007c0000000)
  region size 1024K, 2 young (2048K), 2 survivors (2048K)
 Metaspace       used 87971K, capacity 90257K, committed 96584K, reserved 1132544K
  class space    used 11376K, capacity 11853K, committed 13128K, reserved 1048576K
}
Event: 11868.858 GC heap before
{Heap before GC invocations=1372 (full 272):
 garbage-first heap   total 433152K, used 202334K [0x0000000700000000, 0x0000000700100d38, 0x00000007c0000000)
  region size 1024K, 60 young (61440K), 2 survivors (2048K)
 Metaspace       used 87973K, capacity 90257K, committed 96584K, reserved 1132544K
  class space    used 11376K, capacity 11853K, committed 13128K, reserved 1048576K
}
Event: 11868.862 GC heap after
{Heap after GC invocations=1373 (full 272):
 garbage-first heap   total 433152K, used 143182K [0x0000000700000000, 0x0000000700100d38, 0x00000007c0000000)
  region size 1024K, 2 young (2048K), 2 survivors (2048K)
 Metaspace       used 87973K, capacity 90257K, committed 96584K, reserved 1132544K
  class space    used 11376K, capacity 11853K, committed 13128K, reserved 1048576K
}

